2026-04-15 10:33:58,008 [INFO] httpx: HTTP Request: POST http://testserver/auth/login "HTTP/1.1 302 Found"
2026-04-15 10:33:58,012 [INFO] httpx: HTTP Request: GET http://testserver/admin/dashboard "HTTP/1.1 403 Forbidden"
2026-04-15 10:33:58,445 [INFO] httpx: HTTP Request: POST http://testserver/auth/login "HTTP/1.1 302 Found"
2026-04-15 10:33:58,465 [INFO] httpx: HTTP Request: GET http://testserver/admin/dashboard "HTTP/1.1 200 OK"
2026-04-15 10:33:58,899 [INFO] httpx: HTTP Request: POST http://testserver/auth/login "HTTP/1.1 302 Found"
2026-04-15 10:33:58,911 [INFO] httpx: HTTP Request: POST http://testserver/admin/vehicles/add "HTTP/1.1 302 Found"
2026-04-15 10:33:59,349 [INFO] httpx: HTTP Request: POST http://testserver/auth/login "HTTP/1.1 302 Found"
2026-04-15 10:33:59,362 [INFO] httpx: HTTP Request: POST http://testserver/admin/vehicles/add "HTTP/1.1 302 Found"
2026-04-15 10:33:59,811 [INFO] httpx: HTTP Request: POST http://testserver/auth/login "HTTP/1.1 302 Found"
2026-04-15 10:33:59,825 [INFO] httpx: HTTP Request: POST http://testserver/admin/vehicles/1/toggle "HTTP/1.1 302 Found"
2026-04-15 10:34:00,277 [INFO] httpx: HTTP Request: POST http://testserver/auth/login "HTTP/1.1 302 Found"
2026-04-15 10:34:00,291 [INFO] httpx: HTTP Request: POST http://testserver/admin/vehicles/1/delete "HTTP/1.1 302 Found"
2026-04-15 10:34:00,723 [INFO] httpx: HTTP Request: POST http://testserver/auth/login "HTTP/1.1 302 Found"
2026-04-15 10:34:00,726 [INFO] httpx: HTTP Request: POST http://testserver/admin/vehicles/9999/delete "HTTP/1.1 302 Found"
2026-04-15 10:34:01,170 [INFO] httpx: HTTP Request: POST http://testserver/auth/login "HTTP/1.1 302 Found"
2026-04-15 10:34:02,052 [INFO] httpx: HTTP Request: POST http://testserver/auth/login "HTTP/1.1 302 Found"
2026-04-15 10:34:02,065 [INFO] httpx: HTTP Request: POST http://testserver/admin/dossiers/1/update "HTTP/1.1 302 Found"
2026-04-15 10:34:02,703 [INFO] httpx: HTTP Request: POST http://testserver/auth/login "HTTP/1.1 302 Found"
2026-04-15 10:34:02,716 [INFO] httpx: HTTP Request: POST http://testserver/admin/dossiers/1/update "HTTP/1.1 302 Found"
2026-04-15 10:34:02,992 [INFO] httpx: HTTP Request: POST http://testserver/auth/register "HTTP/1.1 302 Found"
2026-04-15 10:34:03,259 [INFO] httpx: HTTP Request: POST http://testserver/auth/register "HTTP/1.1 400 Bad Request"
2026-04-15 10:34:03,692 [INFO] httpx: HTTP Request: POST http://testserver/auth/login "HTTP/1.1 302 Found"
2026-04-15 10:34:04,137 [INFO] httpx: HTTP Request: POST http://testserver/auth/login "HTTP/1.1 401 Unauthorized"
2026-04-15 10:34:04,222 [INFO] httpx: HTTP Request: POST http://testserver/auth/login "HTTP/1.1 401 Unauthorized"
2026-04-15 10:34:04,654 [INFO] httpx: HTTP Request: POST http://testserver/auth/login "HTTP/1.1 302 Found"
2026-04-15 10:34:04,656 [INFO] httpx: HTTP Request: GET http://testserver/auth/logout "HTTP/1.1 302 Found"
2026-04-15 10:34:05,089 [INFO] httpx: HTTP Request: POST http://testserver/auth/login "HTTP/1.1 302 Found"
2026-04-15 10:34:05,529 [INFO] httpx: HTTP Request: POST http://testserver/auth/login "HTTP/1.1 302 Found"
2026-04-15 10:34:05,624 [INFO] httpx: HTTP Request: GET http://testserver/dossiers/nouveau/1?type=achat "HTTP/1.1 401 Unauthorized"
2026-04-15 10:34:06,067 [INFO] httpx: HTTP Request: POST http://testserver/auth/login "HTTP/1.1 302 Found"
2026-04-15 10:34:06,072 [INFO] httpx: HTTP Request: GET http://testserver/dossiers/nouveau/1?type=achat "HTTP/1.1 200 OK"
2026-04-15 10:34:06,514 [INFO] httpx: HTTP Request: POST http://testserver/auth/login "HTTP/1.1 302 Found"
2026-04-15 10:34:06,528 [INFO] httpx: HTTP Request: POST http://testserver/dossiers/nouveau/1 "HTTP/1.1 302 Found"
2026-04-15 10:34:06,975 [INFO] httpx: HTTP Request: POST http://testserver/auth/login "HTTP/1.1 302 Found"
2026-04-15 10:34:06,989 [INFO] httpx: HTTP Request: POST http://testserver/dossiers/nouveau/1 "HTTP/1.1 302 Found"
2026-04-15 10:34:07,428 [INFO] httpx: HTTP Request: POST http://testserver/auth/login "HTTP/1.1 302 Found"
2026-04-15 10:34:07,432 [INFO] httpx: HTTP Request: POST http://testserver/dossiers/nouveau/9999 "HTTP/1.1 404 Not Found"
2026-04-15 10:34:07,867 [INFO] httpx: HTTP Request: POST http://testserver/auth/login "HTTP/1.1 302 Found"
2026-04-15 10:34:07,874 [INFO] httpx: HTTP Request: GET http://testserver/dossiers/dashboard "HTTP/1.1 200 OK"
2026-04-15 10:34:08,321 [INFO] httpx: HTTP Request: POST http://testserver/auth/login "HTTP/1.1 302 Found"
2026-04-15 10:34:08,337 [INFO] httpx: HTTP Request: POST http://testserver/dossiers/nouveau/1 "HTTP/1.1 302 Found"
2026-04-15 10:34:08,343 [INFO] httpx: HTTP Request: GET http://testserver/dossiers/dashboard "HTTP/1.1 200 OK"
2026-04-15 10:34:08,442 [INFO] httpx: HTTP Request: GET http://testserver/vehicles/ "HTTP/1.1 200 OK"
2026-04-15 10:34:08,536 [INFO] httpx: HTTP Request: GET http://testserver/vehicles/?type=achat "HTTP/1.1 200 OK"
2026-04-15 10:34:08,629 [INFO] httpx: HTTP Request: GET http://testserver/vehicles/?type=location "HTTP/1.1 200 OK"
2026-04-15 10:34:08,723 [INFO] httpx: HTTP Request: GET http://testserver/vehicles/?marque=Renault "HTTP/1.1 200 OK"
2026-04-15 10:34:08,816 [INFO] httpx: HTTP Request: GET http://testserver/vehicles/?marque=Ferrari "HTTP/1.1 200 OK"
2026-04-15 10:34:08,910 [INFO] httpx: HTTP Request: GET http://testserver/vehicles/1 "HTTP/1.1 200 OK"
2026-04-15 10:34:08,993 [INFO] httpx: HTTP Request: GET http://testserver/vehicles/9999 "HTTP/1.1 404 Not Found"
2026-04-15 10:34:09,089 [INFO] httpx: HTTP Request: GET http://testserver/vehicles/?prix_max=15000 "HTTP/1.1 200 OK"
2026-04-15 10:34:09,194 [INFO] httpx: HTTP Request: GET http://testserver/vehicles/?prix_max=1000 "HTTP/1.1 200 OK"
2026-04-15 10:39:04,349 [INFO] httpx: HTTP Request: POST http://testserver/auth/login "HTTP/1.1 302 Found"
2026-04-15 10:39:04,352 [INFO] httpx: HTTP Request: GET http://testserver/admin/dashboard "HTTP/1.1 403 Forbidden"
2026-04-15 10:39:04,812 [INFO] httpx: HTTP Request: POST http://testserver/auth/login "HTTP/1.1 302 Found"
2026-04-15 10:39:04,827 [INFO] httpx: HTTP Request: GET http://testserver/admin/dashboard "HTTP/1.1 200 OK"
2026-04-15 10:39:05,287 [INFO] httpx: HTTP Request: POST http://testserver/auth/login "HTTP/1.1 302 Found"
2026-04-15 10:39:05,303 [INFO] httpx: HTTP Request: POST http://testserver/admin/vehicles/add "HTTP/1.1 302 Found"
2026-04-15 10:39:05,764 [INFO] httpx: HTTP Request: POST http://testserver/auth/login "HTTP/1.1 302 Found"
2026-04-15 10:39:05,777 [INFO] httpx: HTTP Request: POST http://testserver/admin/vehicles/add "HTTP/1.1 302 Found"
2026-04-15 10:39:06,245 [INFO] httpx: HTTP Request: POST http://testserver/auth/login "HTTP/1.1 302 Found"
2026-04-15 10:39:06,259 [INFO] httpx: HTTP Request: POST http://testserver/admin/vehicles/1/toggle "HTTP/1.1 302 Found"
2026-04-15 10:39:06,731 [INFO] httpx: HTTP Request: POST http://testserver/auth/login "HTTP/1.1 302 Found"
2026-04-15 10:39:06,746 [INFO] httpx: HTTP Request: POST http://testserver/admin/vehicles/1/delete "HTTP/1.1 302 Found"
2026-04-15 10:39:07,209 [INFO] httpx: HTTP Request: POST http://testserver/auth/login "HTTP/1.1 302 Found"
2026-04-15 10:39:07,212 [INFO] httpx: HTTP Request: POST http://testserver/admin/vehicles/9999/delete "HTTP/1.1 302 Found"
2026-04-15 10:39:07,675 [INFO] httpx: HTTP Request: POST http://testserver/auth/login "HTTP/1.1 302 Found"
2026-04-15 10:39:07,683 [INFO] httpx: HTTP Request: GET http://testserver/admin/dossiers "HTTP/1.1 200 OK"
2026-04-15 10:39:08,342 [INFO] httpx: HTTP Request: POST http://testserver/auth/login "HTTP/1.1 302 Found"
2026-04-15 10:39:08,356 [INFO] httpx: HTTP Request: POST http://testserver/admin/dossiers/1/update "HTTP/1.1 302 Found"
2026-04-15 10:39:09,028 [INFO] httpx: HTTP Request: POST http://testserver/auth/login "HTTP/1.1 302 Found"
2026-04-15 10:39:09,053 [INFO] httpx: HTTP Request: POST http://testserver/admin/dossiers/1/update "HTTP/1.1 302 Found"
2026-04-15 10:39:09,339 [INFO] httpx: HTTP Request: POST http://testserver/auth/register "HTTP/1.1 302 Found"
2026-04-15 10:39:09,626 [INFO] httpx: HTTP Request: POST http://testserver/auth/register "HTTP/1.1 400 Bad Request"
2026-04-15 10:39:10,088 [INFO] httpx: HTTP Request: POST http://testserver/auth/login "HTTP/1.1 302 Found"
2026-04-15 10:39:10,549 [INFO] httpx: HTTP Request: POST http://testserver/auth/login "HTTP/1.1 401 Unauthorized"
2026-04-15 10:39:10,653 [INFO] httpx: HTTP Request: POST http://testserver/auth/login "HTTP/1.1 401 Unauthorized"
2026-04-15 10:39:11,116 [INFO] httpx: HTTP Request: POST http://testserver/auth/login "HTTP/1.1 302 Found"
2026-04-15 10:39:11,118 [INFO] httpx: HTTP Request: GET http://testserver/auth/logout "HTTP/1.1 302 Found"
2026-04-15 10:39:11,584 [INFO] httpx: HTTP Request: POST http://testserver/auth/login "HTTP/1.1 302 Found"
2026-04-15 10:39:12,056 [INFO] httpx: HTTP Request: POST http://testserver/auth/login "HTTP/1.1 302 Found"
2026-04-15 10:39:12,172 [INFO] httpx: HTTP Request: GET http://testserver/dossiers/nouveau/1?type=achat "HTTP/1.1 401 Unauthorized"
2026-04-15 10:39:12,664 [INFO] httpx: HTTP Request: POST http://testserver/auth/login "HTTP/1.1 302 Found"
2026-04-15 10:39:12,670 [INFO] httpx: HTTP Request: GET http://testserver/dossiers/nouveau/1?type=achat "HTTP/1.1 200 OK"
2026-04-15 10:39:13,150 [INFO] httpx: HTTP Request: POST http://testserver/auth/login "HTTP/1.1 302 Found"
2026-04-15 10:39:13,168 [INFO] httpx: HTTP Request: POST http://testserver/dossiers/nouveau/1 "HTTP/1.1 302 Found"
2026-04-15 10:39:13,652 [INFO] httpx: HTTP Request: POST http://testserver/auth/login "HTTP/1.1 302 Found"
2026-04-15 10:39:13,670 [INFO] httpx: HTTP Request: POST http://testserver/dossiers/nouveau/1 "HTTP/1.1 302 Found"
2026-04-15 10:39:14,161 [INFO] httpx: HTTP Request: POST http://testserver/auth/login "HTTP/1.1 302 Found"
2026-04-15 10:39:14,166 [INFO] httpx: HTTP Request: POST http://testserver/dossiers/nouveau/9999 "HTTP/1.1 404 Not Found"
2026-04-15 10:39:14,640 [INFO] httpx: HTTP Request: POST http://testserver/auth/login "HTTP/1.1 302 Found"
2026-04-15 10:39:14,646 [INFO] httpx: HTTP Request: GET http://testserver/dossiers/dashboard "HTTP/1.1 200 OK"
2026-04-15 10:39:15,146 [INFO] httpx: HTTP Request: POST http://testserver/auth/login "HTTP/1.1 302 Found"
2026-04-15 10:39:15,165 [INFO] httpx: HTTP Request: POST http://testserver/dossiers/nouveau/1 "HTTP/1.1 302 Found"
2026-04-15 10:39:15,170 [INFO] httpx: HTTP Request: GET http://testserver/dossiers/dashboard "HTTP/1.1 200 OK"
2026-04-15 10:39:15,288 [INFO] httpx: HTTP Request: GET http://testserver/vehicles/ "HTTP/1.1 200 OK"
2026-04-15 10:39:15,408 [INFO] httpx: HTTP Request: GET http://testserver/vehicles/?type=achat "HTTP/1.1 200 OK"
2026-04-15 10:39:15,532 [INFO] httpx: HTTP Request: GET http://testserver/vehicles/?type=location "HTTP/1.1 200 OK"
2026-04-15 10:39:15,658 [INFO] httpx: HTTP Request: GET http://testserver/vehicles/?marque=Renault "HTTP/1.1 200 OK"
2026-04-15 10:39:15,779 [INFO] httpx: HTTP Request: GET http://testserver/vehicles/?marque=Ferrari "HTTP/1.1 200 OK"
2026-04-15 10:39:15,912 [INFO] httpx: HTTP Request: GET http://testserver/vehicles/1 "HTTP/1.1 200 OK"
2026-04-15 10:39:16,023 [INFO] httpx: HTTP Request: GET http://testserver/vehicles/9999 "HTTP/1.1 404 Not Found"
2026-04-15 10:39:16,150 [INFO] httpx: HTTP Request: GET http://testserver/vehicles/?prix_max=15000 "HTTP/1.1 200 OK"
2026-04-15 10:39:16,272 [INFO] httpx: HTTP Request: GET http://testserver/vehicles/?prix_max=1000 "HTTP/1.1 200 OK"
